<component name="libraryTable">
  <library name="junit-jupiter-engine-5.4.2">
    <CLASSES>
      <root url="jar://$USER_HOME$/Downloads/Java/junit-jupiter-engine-5.4.2.jar!/" />
    </CLASSES>
    <JAVADOC />
    <SOURCES />
  </library>
</component>